<?xml version="1.0" encoding="UTF-8"?>
<testsuite name="com.coderhouse.controlleradvice.ExampleControllerAdviceApplicationTests" tests="1" skipped="0" failures="0" errors="0" timestamp="2022-01-11T12:53:25" hostname="jose-virtual-machine" time="4.252">
  <properties/>
  <testcase name="contextLoads()" classname="com.coderhouse.controlleradvice.ExampleControllerAdviceApplicationTests" time="4.252"/>
  <system-out><![CDATA[?[34m07:53:09.401?[m [Test worker] ?[32mINFO ?[m ?[35mo.s.b.t.c.SpringBootTestContextBootstrapper?[m - Neither @ContextConfiguration nor @ContextHierarchy found for test class [com.coderhouse.controlleradvice.ExampleControllerAdviceApplicationTests], using SpringBootContextLoader
?[34m07:53:09.521?[m [Test worker] ?[32mINFO ?[m ?[35mo.s.t.c.s.AbstractContextLoader?[m - Could not detect default resource locations for test class [com.coderhouse.controlleradvice.ExampleControllerAdviceApplicationTests]: no resource found for suffixes {-context.xml, Context.groovy}.
?[34m07:53:09.544?[m [Test worker] ?[32mINFO ?[m ?[35mo.s.t.c.s.AnnotationConfigContextLoaderUtils?[m - Could not detect default configuration classes for test class [com.coderhouse.controlleradvice.ExampleControllerAdviceApplicationTests]: ExampleControllerAdviceApplicationTests does not declare any static, non-private, non-final, nested classes annotated with @Configuration.
?[34m07:53:10.363?[m [Test worker] ?[32mINFO ?[m ?[35mo.s.b.t.c.SpringBootTestContextBootstrapper?[m - Found @SpringBootConfiguration com.coderhouse.controlleradvice.ExampleControllerAdviceApplication for test class com.coderhouse.controlleradvice.ExampleControllerAdviceApplicationTests
?[34m07:53:11.216?[m [Test worker] ?[32mINFO ?[m ?[35mo.s.b.t.c.SpringBootTestContextBootstrapper?[m - Loaded default TestExecutionListener class names from location [META-INF/spring.factories]: [org.springframework.boot.test.autoconfigure.restdocs.RestDocsTestExecutionListener, org.springframework.boot.test.autoconfigure.web.client.MockRestServiceServerResetTestExecutionListener, org.springframework.boot.test.autoconfigure.web.servlet.MockMvcPrintOnlyOnFailureTestExecutionListener, org.springframework.boot.test.autoconfigure.web.servlet.WebDriverTestExecutionListener, org.springframework.boot.test.autoconfigure.webservices.client.MockWebServiceServerTestExecutionListener, org.springframework.boot.test.mock.mockito.MockitoTestExecutionListener, org.springframework.boot.test.mock.mockito.ResetMocksTestExecutionListener, org.springframework.test.context.web.ServletTestExecutionListener, org.springframework.test.context.support.DirtiesContextBeforeModesTestExecutionListener, org.springframework.test.context.event.ApplicationEventsTestExecutionListener, org.springframework.test.context.support.DependencyInjectionTestExecutionListener, org.springframework.test.context.support.DirtiesContextTestExecutionListener, org.springframework.test.context.transaction.TransactionalTestExecutionListener, org.springframework.test.context.jdbc.SqlScriptsTestExecutionListener, org.springframework.test.context.event.EventPublishingTestExecutionListener]
?[34m07:53:11.311?[m [Test worker] ?[32mINFO ?[m ?[35mo.s.b.t.c.SpringBootTestContextBootstrapper?[m - Using TestExecutionListeners: [org.springframework.test.context.web.ServletTestExecutionListener@1d2644e3, org.springframework.test.context.support.DirtiesContextBeforeModesTestExecutionListener@4fa06f52, org.springframework.test.context.event.ApplicationEventsTestExecutionListener@602c4656, org.springframework.boot.test.mock.mockito.MockitoTestExecutionListener@5ffc5491, org.springframework.boot.test.autoconfigure.SpringBootDependencyInjectionTestExecutionListener@705202d1, org.springframework.test.context.support.DirtiesContextTestExecutionListener@3c443976, org.springframework.test.context.event.EventPublishingTestExecutionListener@3e58d65e, org.springframework.boot.test.autoconfigure.restdocs.RestDocsTestExecutionListener@3bd55d8, org.springframework.boot.test.autoconfigure.web.client.MockRestServiceServerResetTestExecutionListener@63998bf4, org.springframework.boot.test.autoconfigure.web.servlet.MockMvcPrintOnlyOnFailureTestExecutionListener@7e0b9178, org.springframework.boot.test.autoconfigure.web.servlet.WebDriverTestExecutionListener@61942c1, org.springframework.boot.test.autoconfigure.webservices.client.MockWebServiceServerTestExecutionListener@6f63c44f, org.springframework.boot.test.mock.mockito.ResetMocksTestExecutionListener@408a247c]
2022-01-11 07:53:13,080 Test worker INFO Log4j appears to be running in a Servlet environment, but there's no log4j-web module available. If you want better web container support, please add the log4j-web JAR to your web archive or server lib directory.

  .   ____          _            __ _ _
 /\\ / ___'_ __ _ _(_)_ __  __ _ \ \ \ \
( ( )\___ | '_ | '_| | '_ \/ _` | \ \ \ \
 \\/  ___)| |_)| | | | | || (_| |  ) ) ) )
  '  |____| .__|_| |_|_| |_\__, | / / / /
 =========|_|==============|___/=/_/_/_/
 :: Spring Boot ::                (v2.6.2)

?[34m07:53:13.909?[m [Test worker] ?[32mINFO ?[m ?[35mc.c.c.ExampleControllerAdviceApplicationTests?[m - Starting ExampleControllerAdviceApplicationTests using Java 16.0.1 on jose-virtual-machine with PID 13870 (started by jose in /home/jose/Workspaces/02-Encuentro/ejemplo-spring-boot-apirest)
?[34m07:53:13.932?[m [Test worker] ?[36mDEBUG?[m ?[35mc.c.c.ExampleControllerAdviceApplicationTests?[m - Running with Spring Boot v2.6.2, Spring v5.3.14
?[34m07:53:13.933?[m [Test worker] ?[32mINFO ?[m ?[35mc.c.c.ExampleControllerAdviceApplicationTests?[m - No active profile set, falling back to default profiles: default
?[34m07:53:25.191?[m [Test worker] ?[32mINFO ?[m ?[35mc.c.c.ExampleControllerAdviceApplicationTests?[m - Started ExampleControllerAdviceApplicationTests in 13.399 seconds (JVM running for 30.807)
]]></system-out>
  <system-err><![CDATA[]]></system-err>
</testsuite>
